Building DAG of jobs...
Using shell: /bin/bash
Provided cores: 1
Rules claiming more threads will be scaled down.
Job counts:
	count	jobs
	1	all
	1	map2reference
	1	samtools_sort
	3

rule map2reference:
    input: /net/metagenomics/data/from_moni/old.tzuhao/seq2geno/dev_versions/v3/data/reference/RefCln_UCBPP-PA14.fa, data/strains/dna/CH2500_1.fq.gz, data/strains/dna/CH2500_2.fq.gz, /net/metagenomics/data/from_moni/old.tzuhao/seq2geno/dev_versions/v3/data/reference/RefCln_UCBPP-PA14.fa.bwt
    output: tmp/CH2500/bwa.raw.bam
    jobid: 2
    wildcards: tmp_dir=tmp, strain=CH2500, mapper=bwa

Finished job 2.
1 of 3 steps (33%) done

rule samtools_sort:
    input: tmp/CH2500/bwa.raw.bam
    output: tmp/CH2500/bwa.sorted.bam
    jobid: 1
    wildcards: tmp_dir=tmp, strain=CH2500, mapper=bwa

    Error in rule samtools_sort:
        jobid: 1
        output: tmp/CH2500/bwa.sorted.bam

RuleException:
WorkflowError in line 55 of /net/sgi/metagenomics/data/from_moni/old.tzuhao/seq2geno/dev_versions/v3/cwl_practice.smk:
'cwltool' must be in PATH in order to execute cwl directive.
  File "/net/sgi/metagenomics/data/from_moni/old.tzuhao/seq2geno/dev_versions/v3/cwl_practice.smk", line 55, in __rule_samtools_sort
  File "/home/thkuo/miniconda3/envs/phypal/lib/python3.6/concurrent/futures/thread.py", line 55, in run
Shutting down, this might take some time.
Exiting because a job execution failed. Look above for error message
Complete log: /net/sgi/metagenomics/data/from_moni/old.tzuhao/seq2geno/dev_versions/v3/.snakemake/log/2018-07-09T102203.334163.snakemake.log
