Building DAG of jobs...
Using shell: /bin/bash
Provided cores: 1
Rules claiming more threads will be scaled down.
Job counts:
	count	jobs
	1	all
	1	all_snps_list
	2	compress_feat_table
	1	covert_snps_table
	1	create_and_make_expr_table
	10	gene_counts
	1	nonsyn_snps_table
	1	syn_snps_table
	1	write_dict_file
	19

[Fri Sep 14 15:30:56 2018]
rule all_snps_list:
    input: seq2geno_temp/CH2500/bwa/st_variant.fltcnt, seq2geno_temp/CH2502/bwa/st_variant.fltcnt, seq2geno_temp/CH2522/bwa/st_variant.fltcnt, seq2geno_temp/F1659/bwa/st_variant.fltcnt, seq2geno_temp/ESP088/bwa/st_variant.fltcnt, seq2geno_temp/MHH15083/bwa/st_variant.fltcnt, seq2geno_temp/F2167/bwa/st_variant.fltcnt, seq2geno_temp/F2097/bwa/st_variant.fltcnt, seq2geno_temp/MHH14911/bwa/st_variant.fltcnt, seq2geno_temp/MHH15103/bwa/st_variant.fltcnt, seq2geno_temp/CH2500/bwa/st_variant.snp-vcf, seq2geno_temp/CH2502/bwa/st_variant.snp-vcf, seq2geno_temp/CH2522/bwa/st_variant.snp-vcf, seq2geno_temp/F1659/bwa/st_variant.snp-vcf, seq2geno_temp/ESP088/bwa/st_variant.snp-vcf, seq2geno_temp/MHH15083/bwa/st_variant.snp-vcf, seq2geno_temp/F2167/bwa/st_variant.snp-vcf, seq2geno_temp/F2097/bwa/st_variant.snp-vcf, seq2geno_temp/MHH14911/bwa/st_variant.snp-vcf, seq2geno_temp/MHH15103/bwa/st_variant.snp-vcf, CH2500.flatcount, CH2502.flatcount, CH2522.flatcount, F1659.flatcount, ESP088.flatcount, MHH15083.flatcount, F2167.flatcount, F2097.flatcount, MHH14911.flatcount, MHH15103.flatcount, CH2500.flt.vcf, CH2502.flt.vcf, CH2522.flt.vcf, F1659.flt.vcf, ESP088.flt.vcf, MHH15083.flt.vcf, F2167.flt.vcf, F2097.flt.vcf, MHH14911.flt.vcf, MHH15103.flt.vcf, dict.txt, annotations_for_snps.tab
    output: seq2geno_temp/DNA_Pool1_final.tab
    jobid: 18

[Fri Sep 14 15:47:31 2018]
Finished job 18.
1 of 19 steps (5%) done

[Fri Sep 14 15:47:31 2018]
rule gene_counts:
    input: seq2geno_temp/F1659/rna_sorted.rmdup.sin, annotations_for_snps.tab
    output: seq2geno_temp/F1659/rna_sorted.rmdup.rpg
    jobid: 21
    wildcards: TMP_D=seq2geno_temp, strain=F1659

[Fri Sep 14 15:47:39 2018]
Finished job 21.
2 of 19 steps (11%) done

[Fri Sep 14 15:47:39 2018]
rule gene_counts:
    input: seq2geno_temp/CH2522/rna_sorted.rmdup.sin, annotations_for_snps.tab
    output: seq2geno_temp/CH2522/rna_sorted.rmdup.rpg
    jobid: 19
    wildcards: TMP_D=seq2geno_temp, strain=CH2522

[Fri Sep 14 15:47:47 2018]
Finished job 19.
3 of 19 steps (16%) done

[Fri Sep 14 15:47:47 2018]
rule gene_counts:
    input: seq2geno_temp/MHH15083/rna_sorted.rmdup.sin, annotations_for_snps.tab
    output: seq2geno_temp/MHH15083/rna_sorted.rmdup.rpg
    jobid: 26
    wildcards: TMP_D=seq2geno_temp, strain=MHH15083

[Fri Sep 14 15:47:55 2018]
Finished job 26.
4 of 19 steps (21%) done

[Fri Sep 14 15:47:55 2018]
rule gene_counts:
    input: seq2geno_temp/MHH15103/rna_sorted.rmdup.sin, annotations_for_snps.tab
    output: seq2geno_temp/MHH15103/rna_sorted.rmdup.rpg
    jobid: 24
    wildcards: TMP_D=seq2geno_temp, strain=MHH15103

[Fri Sep 14 15:48:03 2018]
Finished job 24.
5 of 19 steps (26%) done

[Fri Sep 14 15:48:03 2018]
rule gene_counts:
    input: seq2geno_temp/F2167/rna_sorted.rmdup.sin, annotations_for_snps.tab
    output: seq2geno_temp/F2167/rna_sorted.rmdup.rpg
    jobid: 23
    wildcards: TMP_D=seq2geno_temp, strain=F2167

[Fri Sep 14 15:48:11 2018]
Finished job 23.
6 of 19 steps (32%) done

[Fri Sep 14 15:48:11 2018]
rule gene_counts:
    input: seq2geno_temp/MHH14911/rna_sorted.rmdup.sin, annotations_for_snps.tab
    output: seq2geno_temp/MHH14911/rna_sorted.rmdup.rpg
    jobid: 27
    wildcards: TMP_D=seq2geno_temp, strain=MHH14911

[Fri Sep 14 15:48:19 2018]
Finished job 27.
7 of 19 steps (37%) done

[Fri Sep 14 15:48:19 2018]
rule gene_counts:
    input: seq2geno_temp/CH2502/rna_sorted.rmdup.sin, annotations_for_snps.tab
    output: seq2geno_temp/CH2502/rna_sorted.rmdup.rpg
    jobid: 20
    wildcards: TMP_D=seq2geno_temp, strain=CH2502

[Fri Sep 14 15:48:26 2018]
Finished job 20.
8 of 19 steps (42%) done

[Fri Sep 14 15:48:26 2018]
rule gene_counts:
    input: seq2geno_temp/CH2500/rna_sorted.rmdup.sin, annotations_for_snps.tab
    output: seq2geno_temp/CH2500/rna_sorted.rmdup.rpg
    jobid: 25
    wildcards: TMP_D=seq2geno_temp, strain=CH2500

[Fri Sep 14 15:48:34 2018]
Finished job 25.
9 of 19 steps (47%) done

[Fri Sep 14 15:48:34 2018]
rule gene_counts:
    input: seq2geno_temp/F2097/rna_sorted.rmdup.sin, annotations_for_snps.tab
    output: seq2geno_temp/F2097/rna_sorted.rmdup.rpg
    jobid: 28
    wildcards: TMP_D=seq2geno_temp, strain=F2097

[Fri Sep 14 15:48:41 2018]
Finished job 28.
10 of 19 steps (53%) done

[Fri Sep 14 15:48:41 2018]
rule nonsyn_snps_table:
    input: seq2geno_temp/DNA_Pool1_final.tab, /net/metagenomics/data/from_moni/old.tzuhao/seq2geno/dev_versions/v6/data/reference/RefCln_UCBPP-PA14.gbk
    output: seq2geno_temp/non-syn_SNPs.tab
    jobid: 12

[Fri Sep 14 15:52:18 2018]
Finished job 12.
11 of 19 steps (58%) done

[Fri Sep 14 15:52:18 2018]
rule syn_snps_table:
    input: seq2geno_temp/DNA_Pool1_final.tab, /net/metagenomics/data/from_moni/old.tzuhao/seq2geno/dev_versions/v6/data/reference/RefCln_UCBPP-PA14.gbk
    output: seq2geno_temp/syn_SNPs.tab
    jobid: 11

[Fri Sep 14 15:55:55 2018]
Finished job 11.
12 of 19 steps (63%) done

[Fri Sep 14 15:55:55 2018]
rule gene_counts:
    input: seq2geno_temp/ESP088/rna_sorted.rmdup.sin, annotations_for_snps.tab
    output: seq2geno_temp/ESP088/rna_sorted.rmdup.rpg
    jobid: 22
    wildcards: TMP_D=seq2geno_temp, strain=ESP088

[Fri Sep 14 15:56:02 2018]
Finished job 22.
13 of 19 steps (68%) done

[Fri Sep 14 15:56:02 2018]
rule covert_snps_table:
    input: seq2geno_temp/non-syn_SNPs.tab, seq2geno_temp/syn_SNPs.tab
    output: /net/metagenomics/data/from_moni/old.tzuhao/seq2geno/dev_versions/v6/results/nonsyn_snps.tab, /net/metagenomics/data/from_moni/old.tzuhao/seq2geno/dev_versions/v6/results/syn_snps.tab
    jobid: 3

[Fri Sep 14 15:57:45 2018]
Finished job 3.
14 of 19 steps (74%) done

[Fri Sep 14 15:57:46 2018]
rule compress_feat_table:
    input: /net/metagenomics/data/from_moni/old.tzuhao/seq2geno/dev_versions/v6/results/syn_snps.tab
    output: /net/metagenomics/data/from_moni/old.tzuhao/seq2geno/dev_versions/v6/results/syn_snps.tab_GROUPS, /net/metagenomics/data/from_moni/old.tzuhao/seq2geno/dev_versions/v6/results/syn_snps.tab_NON-RDNT
    jobid: 5
    wildcards: prefix=/net/metagenomics/data/from_moni/old.tzuhao/seq2geno/dev_versions/v6/results/syn_snps.tab

[Fri Sep 14 15:58:10 2018]
Finished job 5.
15 of 19 steps (79%) done

[Fri Sep 14 15:58:10 2018]
rule compress_feat_table:
    input: /net/metagenomics/data/from_moni/old.tzuhao/seq2geno/dev_versions/v6/results/nonsyn_snps.tab
    output: /net/metagenomics/data/from_moni/old.tzuhao/seq2geno/dev_versions/v6/results/nonsyn_snps.tab_GROUPS, /net/metagenomics/data/from_moni/old.tzuhao/seq2geno/dev_versions/v6/results/nonsyn_snps.tab_NON-RDNT
    jobid: 7
    wildcards: prefix=/net/metagenomics/data/from_moni/old.tzuhao/seq2geno/dev_versions/v6/results/nonsyn_snps.tab

[Fri Sep 14 15:58:18 2018]
Finished job 7.
16 of 19 steps (84%) done

[Fri Sep 14 15:58:18 2018]
rule write_dict_file:
    input: seq2geno_temp/CH2500/rna_sorted.rmdup.rpg, seq2geno_temp/CH2502/rna_sorted.rmdup.rpg, seq2geno_temp/CH2522/rna_sorted.rmdup.rpg, seq2geno_temp/F1659/rna_sorted.rmdup.rpg, seq2geno_temp/ESP088/rna_sorted.rmdup.rpg, seq2geno_temp/MHH15083/rna_sorted.rmdup.rpg, seq2geno_temp/F2167/rna_sorted.rmdup.rpg, seq2geno_temp/F2097/rna_sorted.rmdup.rpg, seq2geno_temp/MHH14911/rna_sorted.rmdup.rpg, seq2geno_temp/MHH15103/rna_sorted.rmdup.rpg
    output: seq2geno_temp/rpg_dict
    jobid: 13

[Fri Sep 14 15:58:19 2018]
Finished job 13.
17 of 19 steps (89%) done

[Fri Sep 14 15:58:19 2018]
rule create_and_make_expr_table:
    input: seq2geno_temp/rpg_dict, annotations_for_expr.tab
    output: /net/metagenomics/data/from_moni/old.tzuhao/seq2geno/dev_versions/v6/results/expr.tab
    jobid: 4

[Fri Sep 14 15:58:20 2018]
Finished job 4.
18 of 19 steps (95%) done

[Fri Sep 14 15:58:20 2018]
localrule all:
    input: /net/metagenomics/data/from_moni/old.tzuhao/seq2geno/dev_versions/v6/results/syn_snps.tab, /net/metagenomics/data/from_moni/old.tzuhao/seq2geno/dev_versions/v6/results/syn_snps.tab_GROUPS, /net/metagenomics/data/from_moni/old.tzuhao/seq2geno/dev_versions/v6/results/syn_snps.tab_NON-RDNT, /net/metagenomics/data/from_moni/old.tzuhao/seq2geno/dev_versions/v6/results/nonsyn_snps.tab, /net/metagenomics/data/from_moni/old.tzuhao/seq2geno/dev_versions/v6/results/nonsyn_snps.tab_GROUPS, /net/metagenomics/data/from_moni/old.tzuhao/seq2geno/dev_versions/v6/results/nonsyn_snps.tab_NON-RDNT, /net/metagenomics/data/from_moni/old.tzuhao/seq2geno/dev_versions/v6/results/annot.tab, /net/metagenomics/data/from_moni/old.tzuhao/seq2geno/dev_versions/v6/results/annot.tab_GROUPS, /net/metagenomics/data/from_moni/old.tzuhao/seq2geno/dev_versions/v6/results/annot.tab_NON-RDNT, /net/metagenomics/data/from_moni/old.tzuhao/seq2geno/dev_versions/v6/results/gpa.tab, /net/metagenomics/data/from_moni/old.tzuhao/seq2geno/dev_versions/v6/results/gpa.tab_GROUPS, /net/metagenomics/data/from_moni/old.tzuhao/seq2geno/dev_versions/v6/results/gpa.tab_NON-RDNT, /net/metagenomics/data/from_moni/old.tzuhao/seq2geno/dev_versions/v6/results/expr.tab, /net/metagenomics/data/from_moni/old.tzuhao/seq2geno/dev_versions/v6/results/Paeru.nwk
    jobid: 0

[Fri Sep 14 15:58:20 2018]
Finished job 0.
19 of 19 steps (100%) done
Complete log: /net/sgi/metagenomics/data/from_moni/old.tzuhao/seq2geno/dev_versions/v6/.snakemake/log/2018-09-14T145659.432654.snakemake.log
