Building DAG of jobs...
Using shell: /bin/bash
Provided cores: 1
Rules claiming more threads will be scaled down.
Job counts:
	count	jobs
	1	all
	1	samtools_sort
	2

rule samtools_sort:
    input: tmp/CH2500/bwa.raw.bam
    output: tmp/CH2500/bwa.sorted.bam
    jobid: 1
    wildcards: tmp_dir=tmp, strain=CH2500, mapper=bwa

Removing temporary output file tmp/CH2500/bwa.raw.bam.
Finished job 1.
1 of 2 steps (50%) done

localrule all:
    input: tmp/CH2500/bwa.sorted.bam
    jobid: 0

Finished job 0.
2 of 2 steps (100%) done
Complete log: /net/sgi/metagenomics/data/from_moni/old.tzuhao/seq2geno/dev_versions/v3/.snakemake/log/2018-07-09T140631.864778.snakemake.log
