Building DAG of jobs...
Using shell: /bin/bash
Provided cores: 1
Rules claiming more threads will be scaled down.
Job counts:
	count	jobs
	1	all
	1	all_snps_list
	1	aln_to_vcf_per_fam
	4	compress_feat_table
	10	compute_flatcounts
	1	compute_gpa_raw_table
	1	compute_gpa_table
	10	convert_to_sin
	1	covert_snps_table
	1	create_and_make_expr_table
	10	create_assembly
	1	create_coding_regions_aln
	10	create_consensus_sequence
	1	create_dict_file
	10	create_gff
	1	create_indel_table
	1	create_ref_target_seqs
	10	create_vcf
	10	duplicate_gffs
	1	expand_by_family
	1	find_best_tree
	1	for_expr_create_annot
	10	for_expr_stampy_remapping
	1	for_tab_compute_annot_file
	10	for_tab_copy_files
	10	for_tab_create_vcf
	10	for_tab_paired_read_bwa_mapping
	10	for_tab_sam2bam
	10	for_tab_sort_bam
	10	for_tab_stampy_remapping
	10	gene_counts
	10	index_vcf
	1	nonsyn_snps_table
	10	paired_mapping
	1	postprocess_alignment
	10	rna_mapping_bwa
	10	rna_sam2bam
	10	sort_bam
	1	sort_gene_family
	1	syn_snps_table
	1	vcf_to_indels_per_fam
	1	write_dict_file
	225

[Thu Sep  6 14:27:17 2018]
rule rna_mapping_bwa:
    input: data/strains/rna/F1659.fastq.gz, /net/metagenomics/data/from_moni/old.tzuhao/seq2geno/dev_versions/v6/data/reference/RefCln_UCBPP-PA14.fa, /net/metagenomics/data/from_moni/old.tzuhao/seq2geno/dev_versions/v6/data/reference/RefCln_UCBPP-PA14.fa.stidx, /net/metagenomics/data/from_moni/old.tzuhao/seq2geno/dev_versions/v6/data/reference/RefCln_UCBPP-PA14.fa.sthash, /net/metagenomics/data/from_moni/old.tzuhao/seq2geno/dev_versions/v6/data/reference/RefCln_UCBPP-PA14.fa.bwt, /net/metagenomics/data/from_moni/old.tzuhao/seq2geno/dev_versions/v6/data/reference/RefCln_UCBPP-PA14.fa.fai
    output: seq2geno_temp/F1659/bwa/rna.sai, seq2geno_temp/F1659/bwa/rna.bam
    jobid: 206
    wildcards: TMP_D=seq2geno_temp, strain=F1659

