Building DAG of jobs...
Using shell: /bin/bash
Provided cores: 1
Rules claiming more threads will be scaled down.
Job counts:
	count	jobs
	1	all
	1	samtools_sort
	2

rule samtools_sort:
    input: tmp/CH2500/bwa.raw.bam
    output: tmp/CH2500/bwa.sorted.bam
    jobid: 1
    wildcards: tmp_dir=tmp, strain=CH2500, mapper=bwa

    Error in rule samtools_sort:
        jobid: 1
        output: tmp/CH2500/bwa.sorted.bam

RuleException:
CalledProcessError in line 53 of /net/sgi/metagenomics/data/from_moni/old.tzuhao/seq2geno/dev_versions/v3/cwl_practice.smk:
Command ' set -euo pipefail;  cwltool --singularity https://github.com/common-workflow-language/workflows/blob/master/tools/samtools-sort.cwl /tmp/tmp90v79fyn ' returned non-zero exit status 1.
  File "/net/sgi/metagenomics/data/from_moni/old.tzuhao/seq2geno/dev_versions/v3/cwl_practice.smk", line 53, in __rule_samtools_sort
  File "/home/thkuo/miniconda3/envs/phypal/lib/python3.6/concurrent/futures/thread.py", line 55, in run
Shutting down, this might take some time.
Exiting because a job execution failed. Look above for error message
Complete log: /net/sgi/metagenomics/data/from_moni/old.tzuhao/seq2geno/dev_versions/v3/.snakemake/log/2018-07-09T134957.638065.snakemake.log
